<?xml version="1.0" encoding="UTF-8"?>
<!-- Generated by org.testng.reporters.JUnitReportReporter -->
<testsuite skipped="0" hostname="CBR-LAP-DEL2824" name="qsp1.DemoF" tests="1" failures="0" timestamp="13 Aug 2018 10:51:06 GMT" time="0.010" errors="0">
  <testcase name="login" time="0.010" classname="qsp1.DemoF"/>
</testsuite> <!-- qsp1.DemoF -->
