<?xml version="1.0" encoding="UTF-8"?>
<!-- Generated by org.testng.reporters.JUnitReportReporter -->
<testsuite skipped="0" hostname="CBR-LAP-DEL2824" name="qsp1.DemoCD" tests="2" failures="0" timestamp="13 Aug 2018 09:54:33 GMT" time="0.005" errors="0">
  <testcase name="createCustomer" time="0.002" classname="qsp1.DemoCD"/>
  <testcase name="deleteCustomer" time="0.003" classname="qsp1.DemoCD"/>
</testsuite> <!-- qsp1.DemoCD -->
