<?xml version="1.0" encoding="UTF-8"?>
<!-- Generated by org.testng.reporters.JUnitReportReporter -->
<testsuite skipped="0" hostname="CBR-LAP-DEL2824" name="qsp1.DemoG" tests="1" failures="0" timestamp="13 Aug 2018 09:35:54 GMT" time="0.001" errors="0">
  <testcase name="logout" time="0.001" classname="qsp1.DemoG"/>
</testsuite> <!-- qsp1.DemoG -->
